<?xml version="1.0" encoding="UTF-8"?>
<!-- Generated by org.testng.reporters.JUnitReportReporter -->
<testsuite hostname="DESKTOP-DHKQNOK" failures="0" tests="3" name="com.tce.qa.testcases.LoginWithUserIDPasswordTest" time="18.338" errors="0" timestamp="07 Aug 2019 11:03:34 GMT" skipped="0">
  <testcase classname="com.tce.qa.testcases.LoginWithUserIDPasswordTest" name="loginWithUserIDPasswordPageTitle" time="4.534"/>
  <testcase classname="com.tce.qa.testcases.LoginWithUserIDPasswordTest" name="loginWithUserIDPasswordPageLogo" time="5.019"/>
  <testcase classname="com.tce.qa.testcases.LoginWithUserIDPasswordTest" name="loginWithUserIDPassword" time="8.785"/>
</testsuite> <!-- com.tce.qa.testcases.LoginWithUserIDPasswordTest -->
