<?xml version="1.0" encoding="UTF-8"?>
<!-- Generated by org.testng.reporters.JUnitReportReporter -->
<testsuite hostname="DESKTOP-DHKQNOK" failures="0" tests="1" name="com.tce.qa.testcases.WhiteboardPageTest" time="133.718" errors="0" timestamp="09 Aug 2019 11:37:52 GMT" skipped="0">
  <testcase classname="com.tce.qa.testcases.WhiteboardPageTest" name="validateGDS" time="133.718"/>
</testsuite> <!-- com.tce.qa.testcases.WhiteboardPageTest -->
